13:10:49 **** Incremental Build of configuration Debug for project TEST ****
make -j8 all 
arm-none-eabi-gcc -o "TEST.elf" @"objects.list"   -mcpu=cortex-m4 -T"C:\Users\asad1\OneDrive\Documentos\GitHub\Table-de-Mixage\TEST\STM32F401RETX_FLASH.ld" --specs=nosys.specs -Wl,-Map="TEST.map" -Wl,--gc-sections -static --specs=nano.specs -mfpu=fpv4-sp-d16 -mfloat-abi=hard -mthumb -Wl,--start-group -lc -lm -Wl,--end-group
C:/Programs_2/ST/STM32CubeIDE_1.16.1/STM32CubeIDE/plugins/com.st.stm32cube.ide.mcu.externaltools.gnu-tools-for-stm32.12.3.rel1.win32_1.1.0.202410251130/tools/bin/../lib/gcc/arm-none-eabi/12.3.1/../../../../arm-none-eabi/bin/ld.exe: ./Core/Src/usart.o:C:/Users/asad1/OneDrive/Documentos/GitHub/Table-de-Mixage/TEST/Debug/../Core/Src/usart.c:27: multiple definition of `huart2'; ./Core/Src/main.o:C:/Users/asad1/OneDrive/Documentos/GitHub/Table-de-Mixage/TEST/Debug/../Core/Src/main.c:43: first defined here
collect2.exe: error: ld returned 1 exit status
make: *** [makefile:64: TEST.elf] Error 1
"make -j8 all" terminated with exit code 2. Build might be incomplete.

13:10:49 Build Failed. 2 errors, 0 warnings. (took 357ms)

